<?xml version="1.0" encoding="UTF-8"?>
<robot generator="Robot 5.0.1 (Python 3.10.5 on win32)" generated="20230222 21:27:32.763" rpa="false" schemaversion="3">
<suite id="s1" name="CPE-Robotframework" source="C:\Users\jojop\Desktop\CPE-Robotframework">
<suite id="s1-s1" name="Packages" source="C:\Users\jojop\Desktop\CPE-Robotframework\Packages">
<suite id="s1-s1-s1" name="TestScripts" source="C:\Users\jojop\Desktop\CPE-Robotframework\Packages\TestScripts">
<suite id="s1-s1-s1-s1" name="Homepage" source="C:\Users\jojop\Desktop\CPE-Robotframework\Packages\TestScripts\Homepage">
<suite id="s1-s1-s1-s1-s1" name="Homepage" source="C:\Users\jojop\Desktop\CPE-Robotframework\Packages\TestScripts\Homepage\Homepage.robot">
<kw name="Run Keywords" library="BuiltIn" type="SETUP">
<arg>Go to website</arg>
<arg>AND</arg>
<arg>Go to Homepage</arg>
<doc>Executes all the given keywords in a sequence.</doc>
<kw name="Go to website" library="commom">
<kw name="Set Selenium Speed" library="Selenium2Library">
<arg>0.8</arg>
<doc>Sets the delay that is waited after each Selenium command.</doc>
<status status="PASS" starttime="20230222 21:27:33.058" endtime="20230222 21:27:33.058"/>
</kw>
<kw name="Open Browser" library="Selenium2Library">
<arg>${CONFIG_URL}</arg>
<arg>${CONFIG_BROWSER}</arg>
<doc>Opens a new browser instance to the optional ``url``.</doc>
<msg timestamp="20230222 21:27:33.060" level="INFO">Opening browser 'chrome' to base url 'https://www.cpe.eng.rmutp.ac.th/'.</msg>
<status status="PASS" starttime="20230222 21:27:33.058" endtime="20230222 21:27:36.526"/>
</kw>
<kw name="Maximize Browser Window" library="Selenium2Library">
<doc>Maximizes current browser window.</doc>
<status status="PASS" starttime="20230222 21:27:36.527" endtime="20230222 21:27:37.459"/>
</kw>
<status status="PASS" starttime="20230222 21:27:33.057" endtime="20230222 21:27:37.460"/>
</kw>
<kw name="Go to Homepage" library="commom">
<kw name="Go To" library="Selenium2Library">
<arg>https://www.cpe.eng.rmutp.ac.th/</arg>
<doc>Navigates the current browser window to the provided ``url``.</doc>
<msg timestamp="20230222 21:27:37.461" level="INFO">Opening url 'https://www.cpe.eng.rmutp.ac.th/'</msg>
<status status="PASS" starttime="20230222 21:27:37.460" endtime="20230222 21:27:39.351"/>
</kw>
<status status="PASS" starttime="20230222 21:27:37.460" endtime="20230222 21:27:39.351"/>
</kw>
<status status="PASS" starttime="20230222 21:27:33.056" endtime="20230222 21:27:39.351"/>
</kw>
<test id="s1-s1-s1-s1-s1-t1" name="ตรวจสอบข้อมูล" line="12">
<kw name="แนะแนวโรงเรียนสารสาสน์วิเทศ ธนบุรี" library="Homepage">
<kw name="Scroll Element Into View" library="Selenium2Library">
<arg>xpath=//*[contains(@class, 'entry-content')]//*[text() = 'แนะแนวโรงเรียนสารสาสน์วิเทศ ธนบุรี']</arg>
<doc>Scrolls the element identified by ``locator`` into view.</doc>
<status status="PASS" starttime="20230222 21:27:39.354" endtime="20230222 21:27:41.258"/>
</kw>
<status status="PASS" starttime="20230222 21:27:39.353" endtime="20230222 21:27:41.258"/>
</kw>
<kw name="แนะแนวโรงเรียนเบญจมราชานุสรณ์" library="Homepage">
<kw name="Scroll Element Into View" library="Selenium2Library">
<arg>xpath=//*[contains(@class, 'entry-content')]//*[text() = 'แนะแนวโรงเรียนเบญจมราชานุสรณ์']</arg>
<doc>Scrolls the element identified by ``locator`` into view.</doc>
<status status="PASS" starttime="20230222 21:27:41.259" endtime="20230222 21:27:43.149"/>
</kw>
<status status="PASS" starttime="20230222 21:27:41.259" endtime="20230222 21:27:43.149"/>
</kw>
<kw name="แนะแนวโรงเรียนศรีลาจารพิพัฒน์" library="Homepage">
<kw name="Scroll Element Into View" library="Selenium2Library">
<arg>xpath=//*[contains(@class, 'entry-content')]//*[text() = 'แนะแนวโรงเรียนศรีลาจารพิพัฒน์']</arg>
<doc>Scrolls the element identified by ``locator`` into view.</doc>
<status status="PASS" starttime="20230222 21:27:43.151" endtime="20230222 21:27:45.043"/>
</kw>
<status status="PASS" starttime="20230222 21:27:43.149" endtime="20230222 21:27:45.043"/>
</kw>
<kw name="แนะแนวโรงเรียนราชวินิตบางแคปานขำ" library="Homepage">
<kw name="Scroll Element Into View" library="Selenium2Library">
<arg>xpath=//*[contains(@class, 'entry-content')]//*[text() = 'แนะแนวโรงเรียนราชวินิตบางแคปานขำ']</arg>
<doc>Scrolls the element identified by ``locator`` into view.</doc>
<status status="PASS" starttime="20230222 21:27:45.044" endtime="20230222 21:27:46.939"/>
</kw>
<status status="PASS" starttime="20230222 21:27:45.044" endtime="20230222 21:27:46.939"/>
</kw>
<kw name="รับสมัครศึกษาต่อ ปวช. ช่างเทคนิคคอมพิวเตอร์" library="Homepage">
<kw name="Scroll Element Into View" library="Selenium2Library">
<arg>xpath=//*[contains(@class, 'entry-content')]//*[text() = 'รับสมัครศึกษาต่อ ปวช. ช่างเทคนิคคอมพิวเตอร์']</arg>
<doc>Scrolls the element identified by ``locator`` into view.</doc>
<status status="PASS" starttime="20230222 21:27:46.940" endtime="20230222 21:27:48.835"/>
</kw>
<status status="PASS" starttime="20230222 21:27:46.940" endtime="20230222 21:27:48.835"/>
</kw>
<kw name="รับนักศึกษาใหม่ TCAS63 รอบที่ 3" library="Homepage">
<kw name="Scroll Element Into View" library="Selenium2Library">
<arg>xpath=//*[contains(@class, 'entry-content')]//*[text() = 'รับนักศึกษาใหม่ TCAS63 รอบที่ 3']</arg>
<doc>Scrolls the element identified by ``locator`` into view.</doc>
<status status="PASS" starttime="20230222 21:27:48.837" endtime="20230222 21:27:50.730"/>
</kw>
<status status="PASS" starttime="20230222 21:27:48.836" endtime="20230222 21:27:50.730"/>
</kw>
<kw name="กำหนดการเปิดรับ นักศึกษาใหม่ปี 2563 จากผู้จบ ม.6" library="Homepage">
<kw name="Scroll Element Into View" library="Selenium2Library">
<arg>xpath=//*[contains(@class, 'entry-content')]//*[text() = 'กำหนดการเปิดรับ นักศึกษาใหม่ปี 2563 จากผู้จบ ม.6']</arg>
<doc>Scrolls the element identified by ``locator`` into view.</doc>
<status status="PASS" starttime="20230222 21:27:50.731" endtime="20230222 21:27:52.628"/>
</kw>
<status status="PASS" starttime="20230222 21:27:50.731" endtime="20230222 21:27:52.628"/>
</kw>
<kw name="เปิดรับสมัคร ผู้จบ ปวช. เข้าศึกษาต่อ ปริญญาตรี วศ.บ. วิศวกรรมคอมพิวเตอร์" library="Homepage">
<kw name="Scroll Element Into View" library="Selenium2Library">
<arg>xpath=//*[contains(@class, 'entry-content')]//*[text() = 'เปิดรับสมัคร ผู้จบ ปวช. เข้าศึกษาต่อ ปริญญาตรี วศ.บ. วิศวกรรมคอมพิวเตอร์']</arg>
<doc>Scrolls the element identified by ``locator`` into view.</doc>
<status status="PASS" starttime="20230222 21:27:52.630" endtime="20230222 21:27:54.539"/>
</kw>
<status status="PASS" starttime="20230222 21:27:52.629" endtime="20230222 21:27:54.539"/>
</kw>
<status status="PASS" starttime="20230222 21:27:39.352" endtime="20230222 21:27:54.540"/>
</test>
<test id="s1-s1-s1-s1-s1-t2" name="ตรวจสอบฟังก์ชั่น การทำงาน จิปาถะ ในเว็ปไซต์" line="22">
<kw name="คลิก icon facebook เพื่อไปยังเพจ ของสาขา" library="Homepage">
<kw name="Click Element" library="Selenium2Library">
<arg>xpath=//*[contains(@href,'https://www.facebook.com/cpe.rmutp/')]</arg>
<doc>Click the element identified by ``locator``.</doc>
<msg timestamp="20230222 21:27:54.547" level="INFO">Clicking element 'xpath=//*[contains(@href,'https://www.facebook.com/cpe.rmutp/')]'.</msg>
<status status="PASS" starttime="20230222 21:27:54.546" endtime="20230222 21:27:56.245"/>
</kw>
<kw name="Sleep" library="BuiltIn">
<arg>0.5</arg>
<doc>Pauses the test executed for the given time.</doc>
<msg timestamp="20230222 21:27:56.757" level="INFO">Slept 500 milliseconds</msg>
<status status="PASS" starttime="20230222 21:27:56.245" endtime="20230222 21:27:56.758"/>
</kw>
<kw name="Get Window Handles" library="Selenium2Library">
<arg>@{Window1}</arg>
<doc>Returns all child window handles of the selected browser as a list.</doc>
<status status="PASS" starttime="20230222 21:27:56.758" endtime="20230222 21:27:57.907"/>
</kw>
<kw name="Switch Window" library="Selenium2Library">
<arg>@{Window1}</arg>
<doc>Switches to browser window matching ``locator``.</doc>
<status status="PASS" starttime="20230222 21:27:57.907" endtime="20230222 21:28:00.352"/>
</kw>
<status status="PASS" starttime="20230222 21:27:54.546" endtime="20230222 21:28:00.352"/>
</kw>
<kw name="คลิก icon YouTube เพื่อไปยัง วิดิทัศน์ แนะนำ คณะวิศวกรรมศาสตร์ มทร. พระนคร" library="Homepage">
<kw name="Click Element" library="Selenium2Library">
<arg>xpath=//*[contains(@href,'https://www.youtube.com/watch?v=z_7bazz5dBk')]</arg>
<doc>Click the element identified by ``locator``.</doc>
<msg timestamp="20230222 21:28:00.354" level="INFO">Clicking element 'xpath=//*[contains(@href,'https://www.youtube.com/watch?v=z_7bazz5dBk')]'.</msg>
<status status="PASS" starttime="20230222 21:28:00.353" endtime="20230222 21:28:02.037"/>
</kw>
<kw name="Sleep" library="BuiltIn">
<arg>0.5</arg>
<doc>Pauses the test executed for the given time.</doc>
<msg timestamp="20230222 21:28:02.550" level="INFO">Slept 500 milliseconds</msg>
<status status="PASS" starttime="20230222 21:28:02.037" endtime="20230222 21:28:02.551"/>
</kw>
<kw name="Get Window Handles" library="Selenium2Library">
<arg>@{Window1}</arg>
<doc>Returns all child window handles of the selected browser as a list.</doc>
<status status="PASS" starttime="20230222 21:28:02.551" endtime="20230222 21:28:03.806"/>
</kw>
<kw name="Switch Window" library="Selenium2Library">
<arg>@{Window1}</arg>
<doc>Switches to browser window matching ``locator``.</doc>
<status status="PASS" starttime="20230222 21:28:03.806" endtime="20230222 21:28:06.256"/>
</kw>
<status status="PASS" starttime="20230222 21:28:00.353" endtime="20230222 21:28:06.256"/>
</kw>
<kw name="ทดสอบการทำงานการ Search" library="Homepage">
<kw name="Input Text" library="Selenium2Library">
<arg>name=s</arg>
<arg>@{Search}</arg>
<doc>Types the given ``text`` into the text field identified by ``locator``.</doc>
<msg timestamp="20230222 21:28:06.259" level="INFO">Typing text 'หัวหน้าสาขาวิชา' into text field 'name=s'.</msg>
<status status="PASS" starttime="20230222 21:28:06.258" endtime="20230222 21:28:08.801"/>
</kw>
<kw name="Press Keys" library="Selenium2Library">
<arg>None</arg>
<arg>ENTER</arg>
<doc>Simulates the user pressing key(s) to an element or on the active browser.</doc>
<msg timestamp="20230222 21:28:08.802" level="INFO">Sending key(s) ('ENTER',) to page.</msg>
<msg timestamp="20230222 21:28:08.802" level="INFO">Pressing special key ENTER to browser.</msg>
<msg timestamp="20230222 21:28:08.802" level="INFO">Releasing special key ENTER.</msg>
<status status="PASS" starttime="20230222 21:28:08.801" endtime="20230222 21:28:10.367"/>
</kw>
<kw name="Scroll Element Into View" library="Selenium2Library">
<arg>xpath=//*[contains(@class, 'widget widget_text')]//*[text() = 'หัวหน้าสาขาวิชา']</arg>
<doc>Scrolls the element identified by ``locator`` into view.</doc>
<status status="PASS" starttime="20230222 21:28:10.367" endtime="20230222 21:28:12.267"/>
</kw>
<kw name="Scroll Element Into View" library="Selenium2Library">
<arg>xpath=//*[contains(@class, 'widget widget_text')]//*[text() = 'ดร.เกรียงไกร เหลืองอำพล']</arg>
<doc>Scrolls the element identified by ``locator`` into view.</doc>
<status status="PASS" starttime="20230222 21:28:12.267" endtime="20230222 21:28:14.162"/>
</kw>
<status status="PASS" starttime="20230222 21:28:06.257" endtime="20230222 21:28:14.163"/>
</kw>
<status status="PASS" starttime="20230222 21:27:54.542" endtime="20230222 21:28:14.164"/>
</test>
<status status="PASS" starttime="20230222 21:27:32.807" endtime="20230222 21:28:14.165"/>
</suite>
<status status="PASS" starttime="20230222 21:27:32.802" endtime="20230222 21:28:14.168"/>
</suite>
<status status="PASS" starttime="20230222 21:27:32.797" endtime="20230222 21:28:14.171"/>
</suite>
<status status="PASS" starttime="20230222 21:27:32.793" endtime="20230222 21:28:14.174"/>
</suite>
<status status="PASS" starttime="20230222 21:27:32.767" endtime="20230222 21:28:14.178"/>
</suite>
<statistics>
<total>
<stat pass="2" fail="0" skip="0">All Tests</stat>
</total>
<tag>
</tag>
<suite>
<stat pass="2" fail="0" skip="0" id="s1" name="CPE-Robotframework">CPE-Robotframework</stat>
<stat pass="2" fail="0" skip="0" id="s1-s1" name="Packages">CPE-Robotframework.Packages</stat>
<stat pass="2" fail="0" skip="0" id="s1-s1-s1" name="TestScripts">CPE-Robotframework.Packages.TestScripts</stat>
<stat pass="2" fail="0" skip="0" id="s1-s1-s1-s1" name="Homepage">CPE-Robotframework.Packages.TestScripts.Homepage</stat>
<stat pass="2" fail="0" skip="0" id="s1-s1-s1-s1-s1" name="Homepage">CPE-Robotframework.Packages.TestScripts.Homepage.Homepage</stat>
</suite>
</statistics>
<errors>
</errors>
</robot>
